<?xml version="1.0" encoding="UTF-8"?>
<!-- Generated by org.testng.reporters.JUnitXMLReporter -->
<testsuite hostname="DESKTOP-TKK5GPG" ignored="0" name="Command line test" tests="6" failures="0" timestamp="2020-02-19T18:03:59 PST" time="10.073" errors="0">
  <testcase name="doTest" time="0.006" classname="com.qtpselenium.AppTest"/>
  <testcase name="testA1" time="2.001" classname="com.qtpselenium.Test1"/>
  <testcase name="testB1" time="2.003" classname="com.qtpselenium.Test1"/>
  <testcase name="testB3" time="2.001" classname="com.qtpselenium.Test1"/>
  <testcase name="testB1" time="2.0" classname="com.qtpselenium.Test2"/>
  <testcase name="testB2" time="2.001" classname="com.qtpselenium.Test2"/>
</testsuite> <!-- Command line test -->
