<?xml version="1.0" encoding="UTF-8"?>
<!-- Generated by org.testng.reporters.JUnitXMLReporter -->
<testsuite hostname="DESKTOP-TKK5GPG" ignored="0" name="Test A1" tests="3" failures="0" timestamp="2020-02-19T18:14:09 PST" time="6.076" errors="0">
  <testcase name="testA1" time="2.01" classname="com.qtpselenium.Test1"/>
  <testcase name="testB1" time="2.0" classname="com.qtpselenium.Test1"/>
  <testcase name="testB3" time="2.001" classname="com.qtpselenium.Test1"/>
</testsuite> <!-- Test A1 -->
